TN:
SF:/Users/austin/reason2wat/src/wasm.js
FN:3,(anonymous_0)
FNF:1
FNH:1
FNDA:1,(anonymous_0)
DA:1,1
DA:3,1
DA:4,1
DA:5,1
DA:6,1
DA:7,1
DA:10,1
LF:7
LH:7
BRF:0
BRH:0
end_of_record
TN:
SF:/Users/austin/reason2wat/src/parser/byte-stream/byte-stream.js
FN:3,ByteStream
FN:14,(anonymous_1)
FN:27,(anonymous_2)
FNF:3
FNH:2
FNDA:4,ByteStream
FNDA:7,(anonymous_1)
FNDA:0,(anonymous_2)
DA:1,1
DA:4,4
DA:5,0
DA:8,4
DA:9,4
DA:10,4
DA:11,4
DA:14,1
DA:15,7
DA:17,7
DA:18,1
DA:19,1
DA:21,6
DA:24,7
DA:27,1
DA:28,0
DA:31,1
LF:17
LH:15
BRDA:4,0,0,0
BRDA:4,0,1,4
BRDA:17,1,0,1
BRDA:17,1,1,6
BRF:4
BRH:3
end_of_record
